2026-02-26 19:20:51 ERROR o.s.b.d.LoggingFailureAnalysisReporter - 

***************************
APPLICATION FAILED TO START
***************************

Description:

Failed to bind properties under 'logging.level.file.path' to org.springframework.boot.logging.LogLevel:

    Property: logging.level.file.path
    Value: "./logs/niffler-gateway"
    Origin: class path resource [application.yaml] - 13:13
    Reason: failed to convert java.lang.String to org.springframework.boot.logging.LogLevel (caused by java.lang.IllegalArgumentException: No enum constant org.springframework.boot.logging.LogLevel../logs/niffler-gateway)

Action:

Update your application's configuration. The following values are valid:

    DEBUG
    ERROR
    FATAL
    INFO
    OFF
    TRACE
    WARN

2026-02-26 19:23:33 INFO  o.h.validator.internal.util.Version - HV000001: Hibernate Validator 8.0.3.Final
2026-02-26 19:23:33 INFO  g.q.n.NifflerGatewayApplication - Starting NifflerGatewayApplication using Java 21.0.8 with PID 7660 (C:\Users\igafa\OpenideProjects\niffler-ng-10\niffler-gateway\build\classes\java\main started by igafa in C:\Users\igafa\OpenideProjects\niffler-ng-10)
2026-02-26 19:23:33 INFO  g.q.n.NifflerGatewayApplication - The following 1 profile is active: "local"
2026-02-26 19:23:33 INFO  g.q.niffler.service.PropertiesLogger - ******* systemProperties *******
2026-02-26 19:23:33 INFO  g.q.niffler.service.PropertiesLogger - APPLICATION_NAME=niffler-gateway
2026-02-26 19:23:33 INFO  g.q.niffler.service.PropertiesLogger - CONSOLE_LOG_CHARSET=UTF-8
2026-02-26 19:23:33 INFO  g.q.niffler.service.PropertiesLogger - FILE_LOG_CHARSET=UTF-8
2026-02-26 19:23:33 INFO  g.q.niffler.service.PropertiesLogger - LOGGED_APPLICATION_NAME=[niffler-gateway] 
2026-02-26 19:23:33 INFO  g.q.niffler.service.PropertiesLogger - PID=7660
2026-02-26 19:23:33 INFO  g.q.niffler.service.PropertiesLogger - file.encoding=UTF-8
2026-02-26 19:23:33 INFO  g.q.niffler.service.PropertiesLogger - file.separator=\
2026-02-26 19:23:33 INFO  g.q.niffler.service.PropertiesLogger - java.awt.headless=true
2026-02-26 19:23:33 INFO  g.q.niffler.service.PropertiesLogger - java.class.path=C:\Users\igafa\OpenideProjects\niffler-ng-10\niffler-gateway\build\classes\java\main;C:\Users\igafa\OpenideProjects\niffler-ng-10\niffler-gateway\build\resources\main;C:\Users\igafa\OpenideProjects\niffler-ng-10\niffler-grpc-common\build\classes\java\main;C:\Users\igafa\OpenideProjects\niffler-ng-10\niffler-grpc-common\build\resources\main;C:\Users\igafa\.gradle\caches\modules-2\files-2.1\com.tailrocks.graphql\graphql-datetime-spring-boot-starter\6.0.0\93fd0b9ed80410f4e81d14a3481db464ee4c4d4c\graphql-datetime-spring-boot-starter-6.0.0.jar;C:\Users\igafa\.gradle\caches\modules-2\files-2.1\org.springframework.boot\spring-boot-starter-security\3.5.5\d46f4927ef806fbbb509da0fbeabc9274163ef4c\spring-boot-starter-security-3.5.5.jar;C:\Users\igafa\.gradle\caches\modules-2\files-2.1\org.springframework.boot\spring-boot-starter-oauth2-resource-server\3.5.5\ed9827bbf848ae69bbe7beed0e02f141de0a6a78\spring-boot-starter-oauth2-resource-server-3.5.5.jar;C:\Users\igafa\.gradle\caches\modules-2\files-2.1\org.springframework.boot\spring-boot-starter-web-services\3.5.5\42f30141579f02809bad7c99e1be02a1737ddbe7\spring-boot-starter-web-services-3.5.5.jar;C:\Users\igafa\.gradle\caches\modules-2\files-2.1\org.springframework.boot\spring-boot-starter-web\3.5.5\b9039cd5aa1feda2cfbd487233e343f66627f78f\spring-boot-starter-web-3.5.5.jar;C:\Users\igafa\.gradle\caches\modules-2\files-2.1\org.springframework.ws\spring-ws-core\4.1.1\d0b514256e199300704fa77d7208c24167522a24\spring-ws-core-4.1.1.jar;C:\Users\igafa\.gradle\caches\modules-2\files-2.1\org.springframework.data\spring-data-commons\3.5.3\886e56cfc383f757f057901dc7c448d8dcc73fed\spring-data-commons-3.5.3.jar;C:\Users\igafa\.gradle\caches\modules-2\files-2.1\org.springdoc\springdoc-openapi-starter-webmvc-ui\2.8.13\db49b2687b07e26e8bc564282e99e55eaa6bb2f7\springdoc-openapi-starter-webmvc-ui-2.8.13.jar;C:\Users\igafa\.gradle\caches\modules-2\files-2.1\org.springframework.boot\spring-boot-starter-validation\3.5.5\5510bd155652ef231976f1ff1ca1bb1d9698829c\spring-boot-starter-validation-3.5.5.jar;C:\Users\igafa\.gradle\caches\modules-2\files-2.1\org.springframework.boot\spring-boot-starter-actuator\3.5.5\2ed753e9d2a9d812dbcc565c9983c87d7b4fe387\spring-boot-starter-actuator-3.5.5.jar;C:\Users\igafa\.gradle\caches\modules-2\files-2.1\org.springframework.boot\spring-boot-starter-graphql\3.5.5\ee8353981dc8d512c0c365b5b1337fc4de88b731\spring-boot-starter-graphql-3.5.5.jar;C:\Users\igafa\.gradle\caches\modules-2\files-2.1\net.devh\grpc-client-spring-boot-starter\3.1.0.RELEASE\731890e2098e859e95a890c209abfd9ab35c9f56\grpc-client-spring-boot-starter-3.1.0.RELEASE.jar;C:\Users\igafa\.gradle\caches\modules-2\files-2.1\com.google.protobuf\protobuf-java-util\4.32.0\59ad938c01513617eb0b646d81d02bb2ccfcdc81\protobuf-java-util-4.32.0.jar;C:\Users\igafa\.gradle\caches\modules-2\files-2.1\io.grpc\grpc-netty-shaded\1.75.0\fc098b0cad2a1085d17dbef2356f6485d4aab88b\grpc-netty-shaded-1.75.0.jar;C:\Users\igafa\.gradle\caches\modules-2\files-2.1\io.grpc\grpc-services\1.75.0\3ed3ebdc3ea91f70e67deb5af8ffca12ca0d2c5d\grpc-services-1.75.0.jar;C:\Users\igafa\.gradle\caches\modules-2\files-2.1\io.grpc\grpc-inprocess\1.75.0\42a803a4306196a68c173795cc2cc24851a13b7d\grpc-inprocess-1.75.0.jar;C:\Users\igafa\.gradle\caches\modules-2\files-2.1\org.springframework.cloud\spring-cloud-starter-vault-config\4.3.0\ad2d3db2f31e1f1f91e7fc8b864f32bf00549ab3\spring-cloud-starter-vault-config-4.3.0.jar;C:\Users\igafa\.gradle\caches\modules-2\files-2.1\com.tailrocks.graphql\graphql-datetime-spring-boot-autoconfigure\6.0.0\7186208fe37e76304528e6c790504117eed324a6\graphql-datetime-spring-boot-autoconfigure-6.0.0.jar;C:\Users\igafa\.gradle\caches\modules-2\files-2.1\org.springframework.boot\spring-boot-starter\3.5.5\f0e27ab73519ebebfc72c9b16ccde342cc9f599d\spring-boot-starter-3.5.5.jar;C:\Users\igafa\.gradle\caches\modules-2\files-2.1\org.springframework.security\spring-security-config\6.5.3\3f6b50fd0d0bd61dc1bc4e49c055b6995c47c2a3\spring-security-config-6.5.3.jar;C:\Users\igafa\.gradle\caches\modules-2\files-2.1\org.springframework.security\spring-security-web\6.5.3\29e50540ef987241f13ece8aa4297c524cdca5ed\spring-security-web-6.5.3.jar;C:\Users\igafa\.gradle\caches\modules-2\files-2.1\org.springframework\spring-aop\6.2.10\2b194c29deaadb71a8a8e5b8b41d9521c29a0d66\spring-aop-6.2.10.jar;C:\Users\igafa\.gradle\caches\modules-2\files-2.1\org.springframework.security\spring-security-oauth2-resource-server\6.5.3\8d94263c074debf8ad4f0ebaa807dd3ba3c9c0a7\spring-security-oauth2-resource-server-6.5.3.jar;C:\Users\igafa\.gradle\caches\modules-2\files-2.1\org.springframework.security\spring-security-oauth2-jose\6.5.3\dc56f4791f647f317b3a9a7f1c212987c2f6d1a\spring-security-oauth2-jose-6.5.3.jar;C:\Users\igafa\.gradle\caches\modules-2\files-2.1\org.springframework.security\spring-security-core\6.5.3\1f526b23fad4f4db5c8cc1c30eed7abb82d32702\spring-security-core-6.5.3.jar;C:\Users\igafa\.gradle\caches\modules-2\files-2.1\com.sun.xml.messaging.saaj\saaj-impl\3.0.4\20e94bac120c14b7a0aa32c0821bab62515fd7dd\saaj-impl-3.0.4.jar;C:\Users\igafa\.gradle\caches\modules-2\files-2.1\jakarta.xml.ws\jakarta.xml.ws-api\4.0.2\331ecab874ee75b48db661a331319958cb04edec\jakarta.xml.ws-api-4.0.2.jar;C:\Users\igafa\.gradle\caches\modules-2\files-2.1\org.springframework\spring-oxm\6.2.10\9711da11064cb42961852ffc75fc6c82d62658c6\spring-oxm-6.2.10.jar;C:\Users\igafa\.gradle\caches\modules-2\files-2.1\org.springframework.boot\spring-boot-starter-json\3.5.5\316736898ceac2a806e08e981ea059c78b982383\spring-boot-starter-json-3.5.5.jar;C:\Users\igafa\.gradle\caches\modules-2\files-2.1\org.springframework\spring-webmvc\6.2.10\d3491aedc2636378cd273f6266d49f43a8b3e241\spring-webmvc-6.2.10.jar;C:\Users\igafa\.gradle\caches\modules-2\files-2.1\org.springframework.boot\spring-boot-starter-tomcat\3.5.5\c1342d34e6eeee72d98675d413ae2e925ea22852\spring-boot-starter-tomcat-3.5.5.jar;C:\Users\igafa\.gradle\caches\modules-2\files-2.1\org.springframework\spring-web\6.2.10\38c2f6633a44b385b6263294c38e5a4f217c005c\spring-web-6.2.10.jar;C:\Users\igafa\.gradle\caches\modules-2\files-2.1\org.springframework.ws\spring-xml\4.1.1\e0a8e389cf3cb4c720c19dc3f9653dd67c0c13d0\spring-xml-4.1.1.jar;C:\Users\igafa\.gradle\caches\modules-2\files-2.1\jakarta.xml.bind\jakarta.xml.bind-api\4.0.2\6cd5a999b834b63238005b7144136379dc36cad2\jakarta.xml.bind-api-4.0.2.jar;C:\Users\igafa\.gradle\caches\modules-2\files-2.1\jakarta.xml.soap\jakarta.xml.soap-api\3.0.2\445830286faf84fe40a3f47ccd7537d69cd58c4\jakarta.xml.soap-api-3.0.2.jar;C:\Users\igafa\.gradle\caches\modules-2\files-2.1\org.springframework\spring-beans\6.2.10\88ffda89593a74bb356a96ea2ed235ec6e083cfa\spring-beans-6.2.10.jar;C:\Users\igafa\.gradle\caches\modules-2\files-2.1\org.springframework\spring-core\6.2.10\82d9c797f9147b643ac0aab8a1a40e96f8d8a737\spring-core-6.2.10.jar;C:\Users\igafa\.gradle\caches\modules-2\files-2.1\org.slf4j\slf4j-api\2.0.17\d9e58ac9c7779ba3bf8142aff6c830617a7fe60f\slf4j-api-2.0.17.jar;C:\Users\igafa\.gradle\caches\modules-2\files-2.1\org.springdoc\springdoc-openapi-starter-webmvc-api\2.8.13\18fbbaaacc501632a7b20181be898c46a42c51b3\springdoc-openapi-starter-webmvc-api-2.8.13.jar;C:\Users\igafa\.gradle\caches\modules-2\files-2.1\org.webjars\swagger-ui\5.28.1\4f03c4cd37d8e0d98e1f02a20b2d8007b52236ca\swagger-ui-5.28.1.jar;C:\Users\igafa\.gradle\caches\modules-2\files-2.1\org.webjars\webjars-locator-lite\1.1.0\4aaeaa0cdaabb6c72a98894f0faf41037a907115\webjars-locator-lite-1.1.0.jar;C:\Users\igafa\.gradle\caches\modules-2\files-2.1\org.apache.tomcat.embed\tomcat-embed-el\10.1.44\6ee7685651c5eba1f4bef99f9dbb38b89d1a6cb6\tomcat-embed-el-10.1.44.jar;C:\Users\igafa\.gradle\caches\modules-2\files-2.1\org.hibernate.validator\hibernate-validator\8.0.3.Final\4425f554297a1c5ba03a3f30e559a9fd91048cf8\hibernate-validator-8.0.3.Final.jar;C:\Users\igafa\.gradle\caches\modules-2\files-2.1\org.springframework.boot\spring-boot-actuator-autoconfigure\3.5.5\eba0490f64dd1f2bb96b6c484d34df03b388676\spring-boot-actuator-autoconfigure-3.5.5.jar;C:\Users\igafa\.gradle\caches\modules-2\files-2.1\io.micrometer\micrometer-jakarta9\1.15.3\1f6d5a1bab3ac5a674abfce61d1b82554aeb90e4\micrometer-jakarta9-1.15.3.jar;C:\Users\igafa\.gradle\caches\modules-2\files-2.1\io.micrometer\micrometer-observation\1.15.3\e95d07e329f6d3ecb15a6ba1c5d96c25b9df0a97\micrometer-observation-1.15.3.jar;C:\Users\igafa\.gradle\caches\modules-2\files-2.1\org.springframework.graphql\spring-graphql\1.4.1\922a3ca7253e94f6ff6ccd97e97407d91c09f14e\spring-graphql-1.4.1.jar;C:\Users\igafa\.gradle\caches\modules-2\files-2.1\net.devh\grpc-common-spring-boot\3.1.0.RELEASE\6e099d9299f4869082c9ef90789252b79f0755cb\grpc-common-spring-boot-3.1.0.RELEASE.jar;C:\Users\igafa\.gradle\caches\modules-2\files-2.1\jakarta.validation\jakarta.validation-api\3.0.2\92b6631659ba35ca09e44874d3eb936edfeee532\jakarta.validation-api-3.0.2.jar;C:\Users\igafa\.gradle\caches\modules-2\files-2.1\com.google.protobuf\protobuf-java\4.32.0\325c56fe5bb79cf288162d2d8d5f70b53fe1f507\protobuf-java-4.32.0.jar;C:\Users\igafa\.gradle\caches\modules-2\files-2.1\io.grpc\grpc-core\1.75.0\c042165745c0bb4f80774ec066659dce7064aaef\grpc-core-1.75.0.jar;C:\Users\igafa\.gradle\caches\modules-2\files-2.1\io.grpc\grpc-stub\1.75.0\2def36acc24580a2414e17339f94d10b7c057361\grpc-stub-1.75.0.jar;C:\Users\igafa\.gradle\caches\modules-2\files-2.1\io.grpc\grpc-api\1.75.0\18ddd409fb9bc0209d216854ca584d027e68210b\grpc-api-1.75.0.jar;C:\Users\igafa\.gradle\caches\modules-2\files-2.1\org.springframework.cloud\spring-cloud-vault-config\4.3.0\39d15a70804de9033eaceee81dee939fb168c597\spring-cloud-vault-config-4.3.0.jar;C:\Users\igafa\.gradle\caches\modules-2\files-2.1\org.springframework.cloud\spring-cloud-starter\4.3.0\8e794c3b8438450bf8d7cfbb936bb05344a54397\spring-cloud-starter-4.3.0.jar;C:\Users\igafa\.gradle\caches\modules-2\files-2.1\org.springframework.vault\spring-vault-core\3.2.0\8d989a920727115982d9a2cc3de313ac4df138d0\spring-vault-core-3.2.0.jar;C:\Users\igafa\.gradle\caches\modules-2\files-2.1\org.apache.httpcomponents.client5\httpclient5\5.5\4b3d253351cf74eb0ae8eb21ca5a5fb9815ef861\httpclient5-5.5.jar;C:\Users\igafa\.gradle\caches\modules-2\files-2.1\org.apache.httpcomponents.core5\httpcore5\5.3.4\ea47f0fe6e00ffb07cec3a0cb1bb801b1a9cc353\httpcore5-5.3.4.jar;C:\Users\igafa\.gradle\caches\modules-2\files-2.1\com.tailrocks.graphql\graphql-datetime-spring-boot-common\6.0.0\5d0f3d4b5820ea15c314fb67c6ab5900ee5a81fe\graphql-datetime-spring-boot-common-6.0.0.jar;C:\Users\igafa\.gradle\caches\modules-2\files-2.1\org.springframework.boot\spring-boot-autoconfigure\3.5.5\348f4fb99d61a1ea039a44ec667b61657adb54b2\spring-boot-autoconfigure-3.5.5.jar;C:\Users\igafa\.gradle\caches\modules-2\files-2.1\org.springframework.boot\spring-boot\3.5.5\7d50b76ea4905d6c61fea5cb6556bc735c55da1\spring-boot-3.5.5.jar;C:\Users\igafa\.gradle\caches\modules-2\files-2.1\org.springframework.boot\spring-boot-starter-logging\3.5.5\981750c503485e442e37b7cac1dc19c5ddfc6d58\spring-boot-starter-logging-3.5.5.jar;C:\Users\igafa\.gradle\caches\modules-2\files-2.1\jakarta.annotation\jakarta.annotation-api\2.1.1\48b9bda22b091b1f48b13af03fe36db3be6e1ae3\jakarta.annotation-api-2.1.1.jar;C:\Users\igafa\.gradle\caches\modules-2\files-2.1\org.yaml\snakeyaml\2.4\e0666b825b796f85521f02360e77f4c92c5a7a07\snakeyaml-2.4.jar;C:\Users\igafa\.gradle\caches\modules-2\files-2.1\org.springframework\spring-context\6.2.10\80464a79539a19a00e32eccb041670f34857fe7\spring-context-6.2.10.jar;C:\Users\igafa\.gradle\caches\modules-2\files-2.1\org.springframework\spring-expression\6.2.10\16bdfead8a73673e395441c14b1868a128fc87c2\spring-expression-6.2.10.jar;C:\Users\igafa\.gradle\caches\modules-2\files-2.1\org.springframework.security\spring-security-oauth2-core\6.5.3\a7375808f7030850d76b2afd79c28a9ad403d3af\spring-security-oauth2-core-6.5.3.jar;C:\Users\igafa\.gradle\caches\modules-2\files-2.1\com.nimbusds\nimbus-jose-jwt\9.37.3\700f71ffefd60c16bd8ce711a956967ea9071cec\nimbus-jose-jwt-9.37.3.jar;C:\Users\igafa\.gradle\caches\modules-2\files-2.1\org.springframework.security\spring-security-crypto\6.5.3\b120779667b42a1a412aa0e4426dfab5287f2d5a\spring-security-crypto-6.5.3.jar;C:\Users\igafa\.gradle\caches\modules-2\files-2.1\org.jvnet.staxex\stax-ex\2.1.0\33160568d70c01da407f8ba982bacf283d00ad4a\stax-ex-2.1.0.jar;C:\Users\igafa\.gradle\caches\modules-2\files-2.1\jakarta.activation\jakarta.activation-api\2.1.3\fa165bd70cda600368eee31555222776a46b881f\jakarta.activation-api-2.1.3.jar;C:\Users\igafa\.gradle\caches\modules-2\files-2.1\com.fasterxml.jackson.datatype\jackson-datatype-jdk8\2.19.2\a720d3946c3a1ab04b780f3b3163d62eee6948a0\jackson-datatype-jdk8-2.19.2.jar;C:\Users\igafa\.gradle\caches\modules-2\files-2.1\com.fasterxml.jackson.datatype\jackson-datatype-jsr310\2.19.2\72e73f048b36d9df82aef146bf8b2ae63b2e28e2\jackson-datatype-jsr310-2.19.2.jar;C:\Users\igafa\.gradle\caches\modules-2\files-2.1\com.fasterxml.jackson.module\jackson-module-parameter-names\2.19.2\3c4ce467c11364c72ec4967c570fd5a2d1be1d0b\jackson-module-parameter-names-2.19.2.jar;C:\Users\igafa\.gradle\caches\modules-2\files-2.1\com.fasterxml.jackson.core\jackson-databind\2.19.2\46509399d28f57ca32c6bb4b0d4e10e8f062051e\jackson-databind-2.19.2.jar;C:\Users\igafa\.gradle\caches\modules-2\files-2.1\org.apache.tomcat.embed\tomcat-embed-websocket\10.1.44\1966a8224858c4b4480469bfcdcaa3f8faf59cc7\tomcat-embed-websocket-10.1.44.jar;C:\Users\igafa\.gradle\caches\modules-2\files-2.1\org.apache.tomcat.embed\tomcat-embed-core\10.1.44\5e18d00936ca925c9249f1a8e77c0e8adf1d6287\tomcat-embed-core-10.1.44.jar;C:\Users\igafa\.gradle\caches\modules-2\files-2.1\org.springframework\spring-jcl\6.2.10\9ff7e998fe11d991f6b7fd000a0c6583c9e6ffee\spring-jcl-6.2.10.jar;C:\Users\igafa\.gradle\caches\modules-2\files-2.1\org.springdoc\springdoc-openapi-starter-common\2.8.13\728d6b5b7fa89057043d5ec91e52f22b7f38a0a1\springdoc-openapi-starter-common-2.8.13.jar;C:\Users\igafa\.gradle\caches\modules-2\files-2.1\org.jspecify\jspecify\1.0.0\7425a601c1c7ec76645a78d22b8c6a627edee507\jspecify-1.0.0.jar;C:\Users\igafa\.gradle\caches\modules-2\files-2.1\org.jboss.logging\jboss-logging\3.6.1.Final\886afbb445b4016a37c8960a7aef6ebd769ce7e5\jboss-logging-3.6.1.Final.jar;C:\Users\igafa\.gradle\caches\modules-2\files-2.1\com.fasterxml\classmate\1.7.0\e98374da1f2143ac8e6e0a95036994bb19137a3\classmate-1.7.0.jar;C:\Users\igafa\.gradle\caches\modules-2\files-2.1\org.springframework.boot\spring-boot-actuator\3.5.5\11a70af846b9527a4f26c66368543719bf4d0419\spring-boot-actuator-3.5.5.jar;C:\Users\igafa\.gradle\caches\modules-2\files-2.1\io.micrometer\micrometer-core\1.15.3\7d9458b1138c8f32a0dcc2e4a0dbfc7717542985\micrometer-core-1.15.3.jar;C:\Users\igafa\.gradle\caches\modules-2\files-2.1\io.micrometer\micrometer-commons\1.15.3\3a97060d64a54daa11f14365aebc559fa8820281\micrometer-commons-1.15.3.jar;C:\Users\igafa\.gradle\caches\modules-2\files-2.1\com.graphql-java\graphql-java\24.1\ee1d23eaa4ee5b5e5652b49bfb2e81a696767ed7\graphql-java-24.1.jar;C:\Users\igafa\.gradle\caches\modules-2\files-2.1\io.projectreactor\reactor-core\3.7.9\95a14ea97f7c99e0897120dc6fe46370c040f7a6\reactor-core-3.7.9.jar;C:\Users\igafa\.gradle\caches\modules-2\files-2.1\org.codehaus.mojo\animal-sniffer-annotations\1.24\aa9ba58d30e0aad7f1808fce9c541ea3760678d8\animal-sniffer-annotations-1.24.jar;C:\Users\igafa\.gradle\caches\modules-2\files-2.1\com.google.guava\guava\33.3.1-android\852f8b363da0111e819460021ca693cacca3e8db\guava-33.3.1-jre.jar;C:\Users\igafa\.gradle\caches\modules-2\files-2.1\com.google.code.findbugs\jsr305\3.0.2\25ea2e8b0c338a877313bd4672d3fe056ea78f0d\jsr305-3.0.2.jar;C:\Users\igafa\.gradle\caches\modules-2\files-2.1\org.springframework.cloud\spring-cloud-context\4.3.0\831b237375831042b7838570db74df44bdea5aa6\spring-cloud-context-4.3.0.jar;C:\Users\igafa\.gradle\caches\modules-2\files-2.1\org.springframework.cloud\spring-cloud-commons\4.3.0\e939caa4370105f53b1213520692615bed7605f3\spring-cloud-commons-4.3.0.jar;C:\Users\igafa\.gradle\caches\modules-2\files-2.1\org.bouncycastle\bcprov-jdk18on\1.80\e22100b41042decf09cab914a5af8d2c57b5ac4a\bcprov-jdk18on-1.80.jar;C:\Users\igafa\.gradle\caches\modules-2\files-2.1\org.apache.httpcomponents.core5\httpcore5-h2\5.3.4\3742a9a9ba3a5a0d45be230093b52a1302a561e2\httpcore5-h2-5.3.4.jar;C:\Users\igafa\.gradle\caches\modules-2\files-2.1\com.tailrocks.graphql\graphql-java-datetime\6.0.0\4131d72a4074eef7d24d1674fb2a757b8ebf5a4\graphql-java-datetime-6.0.0.jar;C:\Users\igafa\.gradle\caches\modules-2\files-2.1\ch.qos.logback\logback-classic\1.5.18\fc371f3fc97a639de2d67947cffb7518ec5e3d40\logback-classic-1.5.18.jar;C:\Users\igafa\.gradle\caches\modules-2\files-2.1\org.apache.logging.log4j\log4j-to-slf4j\2.24.3\da1143e2a2531ee1c2d90baa98eb50a28a39d5a7\log4j-to-slf4j-2.24.3.jar;C:\Users\igafa\.gradle\caches\modules-2\files-2.1\org.slf4j\jul-to-slf4j\2.0.17\524cb6ccc2b68a57604750e1ab8b13b5a786a6aa\jul-to-slf4j-2.0.17.jar;C:\Users\igafa\.gradle\caches\modules-2\files-2.1\com.github.stephenc.jcip\jcip-annotations\1.0-1\ef31541dd28ae2cefdd17c7ebf352d93e9058c63\jcip-annotations-1.0-1.jar;C:\Users\igafa\.gradle\caches\modules-2\files-2.1\com.fasterxml.jackson.core\jackson-core\2.19.2\50f3b4bd59b9ff51a0ed493e7b5abaf5c39709bf\jackson-core-2.19.2.jar;C:\Users\igafa\.gradle\caches\modules-2\files-2.1\com.fasterxml.jackson.core\jackson-annotations\2.19.2\c5381f11988ae3d424b197a26087d86067b6d7d\jackson-annotations-2.19.2.jar;C:\Users\igafa\.gradle\caches\modules-2\files-2.1\io.swagger.core.v3\swagger-core-jakarta\2.2.36\a7df95215f3851d4ca841a30e1cb84c4f8222da9\swagger-core-jakarta-2.2.36.jar;C:\Users\igafa\.gradle\caches\modules-2\files-2.1\com.graphql-java\java-dataloader\5.0.0\5cd3164857c5217e00c7811f068eea371de5e450\java-dataloader-5.0.0.jar;C:\Users\igafa\.gradle\caches\modules-2\files-2.1\org.reactivestreams\reactive-streams\1.0.4\3864a1320d97d7b045f729a326e1e077661f31b7\reactive-streams-1.0.4.jar;C:\Users\igafa\.gradle\caches\modules-2\files-2.1\com.google.guava\failureaccess\1.0.2\c4a06a64e650562f30b7bf9aaec1bfed43aca12b\failureaccess-1.0.2.jar;C:\Users\igafa\.gradle\caches\modules-2\files-2.1\com.google.guava\listenablefuture\9999.0-empty-to-avoid-conflict-with-guava\b421526c5f297295adef1c886e5246c39d4ac629\listenablefuture-9999.0-empty-to-avoid-conflict-with-guava.jar;C:\Users\igafa\.gradle\caches\modules-2\files-2.1\org.checkerframework\checker-qual\3.43.0\9425eee39e56b116d2b998b7c2cebcbd11a3c98b\checker-qual-3.43.0.jar;C:\Users\igafa\.gradle\caches\modules-2\files-2.1\com.google.j2objc\j2objc-annotations\3.0.0\7399e65dd7e9ff3404f4535b2f017093bdb134c7\j2objc-annotations-3.0.0.jar;C:\Users\igafa\.gradle\caches\modules-2\files-2.1\ch.qos.logback\logback-core\1.5.18\6c0375624f6f36b4e089e2488ba21334a11ef13f\logback-core-1.5.18.jar;C:\Users\igafa\.gradle\caches\modules-2\files-2.1\org.apache.logging.log4j\log4j-api\2.24.3\b02c125db8b6d295adf72ae6e71af5d83bce2370\log4j-api-2.24.3.jar;C:\Users\igafa\.gradle\caches\modules-2\files-2.1\io.swagger.core.v3\swagger-models-jakarta\2.2.36\8f92ba7ae6f78100b13a98428aedab0580323785\swagger-models-jakarta-2.2.36.jar;C:\Users\igafa\.gradle\caches\modules-2\files-2.1\com.fasterxml.jackson.dataformat\jackson-dataformat-yaml\2.19.2\ba1079940daa609061e46c80b72c5546c4718401\jackson-dataformat-yaml-2.19.2.jar;C:\Users\igafa\.gradle\caches\modules-2\files-2.1\org.apache.commons\commons-lang3\3.17.0\b17d2136f0460dcc0d2016ceefca8723bdf4ee70\commons-lang3-3.17.0.jar;C:\Users\igafa\.gradle\caches\modules-2\files-2.1\io.swagger.core.v3\swagger-annotations-jakarta\2.2.36\ba0c4e8b63775179ebe7c185744137f26cdbe87e\swagger-annotations-jakarta-2.2.36.jar;C:\Users\igafa\.gradle\caches\modules-2\files-2.1\io.grpc\grpc-protobuf\1.75.0\860c62ef62ddf24e0f2b04459d846b269f5fa7b9\grpc-protobuf-1.75.0.jar;C:\Users\igafa\.gradle\caches\modules-2\files-2.1\org.glassfish.jaxb\jaxb-runtime\4.0.5\ca84c2a7169b5293e232b9d00d1e4e36d4c3914a\jaxb-runtime-4.0.5.jar;C:\Users\igafa\.gradle\caches\modules-2\files-2.1\io.grpc\grpc-util\1.75.0\7e947cd64e9419a1d005b22ab39ff04045e931b8\grpc-util-1.75.0.jar;C:\Users\igafa\.gradle\caches\modules-2\files-2.1\com.google.code.gson\gson\2.13.1\853ce06c11316b33a8eae5e9095da096a9528b8f\gson-2.13.1.jar;C:\Users\igafa\.gradle\caches\modules-2\files-2.1\com.google.errorprone\error_prone_annotations\2.38.0\fc0ae991433e8590ba51cd558421478318a74c8c\error_prone_annotations-2.38.0.jar;C:\Users\igafa\.gradle\caches\modules-2\files-2.1\io.perfmark\perfmark-api\0.27.0\f86f575a41b091786a4b027cd9c0c1d2e3fc1c01\perfmark-api-0.27.0.jar;C:\Users\igafa\.gradle\caches\modules-2\files-2.1\com.google.api.grpc\proto-google-common-protos\2.59.2\7de5fb9d2ad6cd65e59194ff0cba99c1152e7786\proto-google-common-protos-2.59.2.jar;C:\Users\igafa\.gradle\caches\modules-2\files-2.1\io.grpc\grpc-protobuf-lite\1.75.0\d6f87ed690a382c7340ff71c521daf4be3f1c7eb\grpc-protobuf-lite-1.75.0.jar;C:\Users\igafa\.gradle\caches\modules-2\files-2.1\org.eclipse.angus\angus-activation\2.0.2\41f1e0ddd157c856926ed149ab837d110955a9fc\angus-activation-2.0.2.jar;C:\Users\igafa\.gradle\caches\modules-2\files-2.1\org.glassfish.jaxb\jaxb-core\4.0.5\7b4b11ea5542eea4ad55e1080b23be436795b3\jaxb-core-4.0.5.jar;C:\Users\igafa\.gradle\caches\modules-2\files-2.1\io.micrometer\context-propagation\1.1.3\19cea055eed20e80875705fcf9943ca8e978cf92\context-propagation-1.1.3.jar;C:\Users\igafa\.gradle\caches\modules-2\files-2.1\io.grpc\grpc-context\1.75.0\48b9b21360450b15a734f77d2ed89f1cf67304c0\grpc-context-1.75.0.jar;C:\Users\igafa\.gradle\caches\modules-2\files-2.1\com.google.android\annotations\4.1.1.4\a1678ba907bf92691d879fef34e1a187038f9259\annotations-4.1.1.4.jar;C:\Users\igafa\.gradle\caches\modules-2\files-2.1\org.glassfish.jaxb\txw2\4.0.5\f36a4ef12120a9bb06d766d6a0e54b144fd7ed98\txw2-4.0.5.jar;C:\Users\igafa\.gradle\caches\modules-2\files-2.1\com.sun.istack\istack-commons-runtime\4.1.2\18ec117c85f3ba0ac65409136afa8e42bc74e739\istack-commons-runtime-4.1.2.jar;C:\Users\igafa\.gradle\caches\modules-2\files-2.1\org.hdrhistogram\HdrHistogram\2.2.2\7959933ebcc0f05b2eaa5af0a0c8689fa257b15c\HdrHistogram-2.2.2.jar;C:\Users\igafa\.gradle\caches\modules-2\files-2.1\org.latencyutils\LatencyUtils\2.0.3\769c0b82cb2421c8256300e907298a9410a2a3d3\LatencyUtils-2.0.3.jar
2026-02-26 19:23:33 INFO  g.q.niffler.service.PropertiesLogger - java.class.version=65.0
2026-02-26 19:23:33 INFO  g.q.niffler.service.PropertiesLogger - java.home=C:\Program Files\Java\jdk-21
2026-02-26 19:23:33 INFO  g.q.niffler.service.PropertiesLogger - java.io.tmpdir=C:\Users\igafa\AppData\Local\Temp\
2026-02-26 19:23:33 INFO  g.q.niffler.service.PropertiesLogger - java.library.path=C:\Program Files\Java\jdk-21\bin;C:\WINDOWS\Sun\Java\bin;C:\WINDOWS\system32;C:\WINDOWS;C:\Program Files\Eclipse Adoptium\jdk-21.0.8.9-hotspot\bin;C:\Program Files\Common Files\Oracle\Java\javapath;C:\WINDOWS\system32;C:\WINDOWS;C:\WINDOWS\System32\Wbem;C:\WINDOWS\System32\WindowsPowerShell\v1.0\;C:\WINDOWS\System32\OpenSSH\;C:\Users\igafa\Gradle\bin;C:\Program Files\Git\cmd;C:\Program Files (x86)\dotnet\;C:\Program Files\Docker\Docker\resources\bin;%NVM_HOME%;%NVM_SYMLINK%;C:\Program Files\dotnet\;C:\Users\igafa\AppData\Local\Microsoft\WindowsApps;C:\Program Files\JetBrains\IntelliJ IDEA Community Edition 2024.1.4\bin;;C:\Program Files\OpenIDE\OpenIDE 2025.1.3\bin;;C:\Users\igafa\AppData\Local\nvm;C:\nvm4w\nodejs;C:\Users\igafa\AppData\Local\Programs\cursor\resources\app\bin;.
2026-02-26 19:23:33 INFO  g.q.niffler.service.PropertiesLogger - java.runtime.name=OpenJDK Runtime Environment
2026-02-26 19:23:33 INFO  g.q.niffler.service.PropertiesLogger - java.runtime.version=21.0.8+9-LTS
2026-02-26 19:23:33 INFO  g.q.niffler.service.PropertiesLogger - java.specification.name=Java Platform API Specification
2026-02-26 19:23:33 INFO  g.q.niffler.service.PropertiesLogger - java.specification.vendor=Oracle Corporation
2026-02-26 19:23:33 INFO  g.q.niffler.service.PropertiesLogger - java.specification.version=21
2026-02-26 19:23:33 INFO  g.q.niffler.service.PropertiesLogger - java.vendor=Eclipse Adoptium
2026-02-26 19:23:33 INFO  g.q.niffler.service.PropertiesLogger - java.vendor.url=https://adoptium.net/
2026-02-26 19:23:33 INFO  g.q.niffler.service.PropertiesLogger - java.vendor.url.bug=https://github.com/adoptium/adoptium-support/issues
2026-02-26 19:23:33 INFO  g.q.niffler.service.PropertiesLogger - java.vendor.version=Temurin-21.0.8+9
2026-02-26 19:23:33 INFO  g.q.niffler.service.PropertiesLogger - java.version=21.0.8
2026-02-26 19:23:33 INFO  g.q.niffler.service.PropertiesLogger - java.version.date=2025-07-15
2026-02-26 19:23:33 INFO  g.q.niffler.service.PropertiesLogger - java.vm.compressedOopsMode=Zero based
2026-02-26 19:23:33 INFO  g.q.niffler.service.PropertiesLogger - java.vm.info=mixed mode, sharing
2026-02-26 19:23:33 INFO  g.q.niffler.service.PropertiesLogger - java.vm.name=OpenJDK 64-Bit Server VM
2026-02-26 19:23:33 INFO  g.q.niffler.service.PropertiesLogger - java.vm.specification.name=Java Virtual Machine Specification
2026-02-26 19:23:33 INFO  g.q.niffler.service.PropertiesLogger - java.vm.specification.vendor=Oracle Corporation
2026-02-26 19:23:33 INFO  g.q.niffler.service.PropertiesLogger - java.vm.specification.version=21
2026-02-26 19:23:33 INFO  g.q.niffler.service.PropertiesLogger - java.vm.vendor=Eclipse Adoptium
2026-02-26 19:23:33 INFO  g.q.niffler.service.PropertiesLogger - java.vm.version=21.0.8+9-LTS
2026-02-26 19:23:33 INFO  g.q.niffler.service.PropertiesLogger - jdk.debug=release
2026-02-26 19:23:33 INFO  g.q.niffler.service.PropertiesLogger - line.separator=

2026-02-26 19:23:33 INFO  g.q.niffler.service.PropertiesLogger - native.encoding=Cp1251
2026-02-26 19:23:33 INFO  g.q.niffler.service.PropertiesLogger - org.jboss.logging.provider=slf4j
2026-02-26 19:23:33 INFO  g.q.niffler.service.PropertiesLogger - os.arch=amd64
2026-02-26 19:23:33 INFO  g.q.niffler.service.PropertiesLogger - os.name=Windows 11
2026-02-26 19:23:33 INFO  g.q.niffler.service.PropertiesLogger - os.version=10.0
2026-02-26 19:23:33 INFO  g.q.niffler.service.PropertiesLogger - path.separator=;
2026-02-26 19:23:33 INFO  g.q.niffler.service.PropertiesLogger - spring.profiles.active=local
2026-02-26 19:23:33 INFO  g.q.niffler.service.PropertiesLogger - stderr.encoding=UTF-8
2026-02-26 19:23:33 INFO  g.q.niffler.service.PropertiesLogger - stdout.encoding=UTF-8
2026-02-26 19:23:33 INFO  g.q.niffler.service.PropertiesLogger - sun.arch.data.model=64
2026-02-26 19:23:33 INFO  g.q.niffler.service.PropertiesLogger - sun.boot.library.path=C:\Program Files\Java\jdk-21\bin
2026-02-26 19:23:33 INFO  g.q.niffler.service.PropertiesLogger - sun.cpu.endian=little
2026-02-26 19:23:33 INFO  g.q.niffler.service.PropertiesLogger - sun.cpu.isalist=amd64
2026-02-26 19:23:33 INFO  g.q.niffler.service.PropertiesLogger - sun.io.unicode.encoding=UnicodeLittle
2026-02-26 19:23:33 INFO  g.q.niffler.service.PropertiesLogger - sun.java.command=guru.qa.niffler.NifflerGatewayApplication
2026-02-26 19:23:33 INFO  g.q.niffler.service.PropertiesLogger - sun.java.launcher=SUN_STANDARD
2026-02-26 19:23:33 INFO  g.q.niffler.service.PropertiesLogger - sun.jnu.encoding=Cp1251
2026-02-26 19:23:33 INFO  g.q.niffler.service.PropertiesLogger - sun.management.compiler=HotSpot 64-Bit Tiered Compilers
2026-02-26 19:23:33 INFO  g.q.niffler.service.PropertiesLogger - sun.os.patch.level=
2026-02-26 19:23:33 INFO  g.q.niffler.service.PropertiesLogger - sun.stderr.encoding=UTF-8
2026-02-26 19:23:33 INFO  g.q.niffler.service.PropertiesLogger - sun.stdout.encoding=UTF-8
2026-02-26 19:23:33 INFO  g.q.niffler.service.PropertiesLogger - user.country=RU
2026-02-26 19:23:33 INFO  g.q.niffler.service.PropertiesLogger - user.dir=C:\Users\igafa\OpenideProjects\niffler-ng-10
2026-02-26 19:23:33 INFO  g.q.niffler.service.PropertiesLogger - user.home=C:\Users\igafa
2026-02-26 19:23:33 INFO  g.q.niffler.service.PropertiesLogger - user.language=ru
2026-02-26 19:23:33 INFO  g.q.niffler.service.PropertiesLogger - user.name=igafa
2026-02-26 19:23:33 INFO  g.q.niffler.service.PropertiesLogger - user.script=
2026-02-26 19:23:33 INFO  g.q.niffler.service.PropertiesLogger - user.timezone=Europe/Astrakhan
2026-02-26 19:23:33 INFO  g.q.niffler.service.PropertiesLogger - user.variant=
2026-02-26 19:23:33 INFO  g.q.niffler.service.PropertiesLogger - ******* systemEnvironment *******
2026-02-26 19:23:33 INFO  g.q.niffler.service.PropertiesLogger - =::=::\
2026-02-26 19:23:33 INFO  g.q.niffler.service.PropertiesLogger - ALLUSERSPROFILE=C:\ProgramData
2026-02-26 19:23:33 INFO  g.q.niffler.service.PropertiesLogger - APPDATA=C:\Users\igafa\AppData\Roaming
2026-02-26 19:23:33 INFO  g.q.niffler.service.PropertiesLogger - COMPUTERNAME=IGAFAROV
2026-02-26 19:23:33 INFO  g.q.niffler.service.PropertiesLogger - ComSpec=C:\WINDOWS\system32\cmd.exe
2026-02-26 19:23:33 INFO  g.q.niffler.service.PropertiesLogger - CommonProgramFiles=C:\Program Files\Common Files
2026-02-26 19:23:33 INFO  g.q.niffler.service.PropertiesLogger - CommonProgramFiles(x86)=C:\Program Files (x86)\Common Files
2026-02-26 19:23:33 INFO  g.q.niffler.service.PropertiesLogger - CommonProgramW6432=C:\Program Files\Common Files
2026-02-26 19:23:33 INFO  g.q.niffler.service.PropertiesLogger - DriverData=C:\Windows\System32\Drivers\DriverData
2026-02-26 19:23:33 INFO  g.q.niffler.service.PropertiesLogger - EFC_11060_1592913036=1
2026-02-26 19:23:33 INFO  g.q.niffler.service.PropertiesLogger - HOMEDRIVE=C:
2026-02-26 19:23:33 INFO  g.q.niffler.service.PropertiesLogger - HOMEPATH=\Users\igafa
2026-02-26 19:23:33 INFO  g.q.niffler.service.PropertiesLogger - IntelliJ IDEA Community Edition=C:\Program Files\JetBrains\IntelliJ IDEA Community Edition 2024.1.4\bin;
2026-02-26 19:23:33 INFO  g.q.niffler.service.PropertiesLogger - JAVA_HOME=C:\Program Files\Java\jdk-17
2026-02-26 19:23:33 INFO  g.q.niffler.service.PropertiesLogger - LOCALAPPDATA=C:\Users\igafa\AppData\Local
2026-02-26 19:23:33 INFO  g.q.niffler.service.PropertiesLogger - LOGONSERVER=\\IGAFAROV
2026-02-26 19:23:33 INFO  g.q.niffler.service.PropertiesLogger - NUMBER_OF_PROCESSORS=16
2026-02-26 19:23:33 INFO  g.q.niffler.service.PropertiesLogger - NVM_HOME=C:\Users\igafa\AppData\Local\nvm
2026-02-26 19:23:33 INFO  g.q.niffler.service.PropertiesLogger - NVM_SYMLINK=C:\nvm4w\nodejs
2026-02-26 19:23:33 INFO  g.q.niffler.service.PropertiesLogger - OS=Windows_NT
2026-02-26 19:23:33 INFO  g.q.niffler.service.PropertiesLogger - OneDrive=C:\Users\igafa\OneDrive
2026-02-26 19:23:33 INFO  g.q.niffler.service.PropertiesLogger - OneDriveConsumer=C:\Users\igafa\OneDrive
2026-02-26 19:23:33 INFO  g.q.niffler.service.PropertiesLogger - OpenIDE=C:\Program Files\OpenIDE\OpenIDE 2025.1.3\bin;
2026-02-26 19:23:33 INFO  g.q.niffler.service.PropertiesLogger - PATHEXT=.COM;.EXE;.BAT;.CMD;.VBS;.VBE;.JS;.JSE;.WSF;.WSH;.MSC
2026-02-26 19:23:33 INFO  g.q.niffler.service.PropertiesLogger - PROCESSOR_ARCHITECTURE=AMD64
2026-02-26 19:23:33 INFO  g.q.niffler.service.PropertiesLogger - PROCESSOR_IDENTIFIER=AMD64 Family 25 Model 68 Stepping 1, AuthenticAMD
2026-02-26 19:23:33 INFO  g.q.niffler.service.PropertiesLogger - PROCESSOR_LEVEL=25
2026-02-26 19:23:33 INFO  g.q.niffler.service.PropertiesLogger - PROCESSOR_REVISION=4401
2026-02-26 19:23:33 INFO  g.q.niffler.service.PropertiesLogger - PSModulePath=C:\Program Files\WindowsPowerShell\Modules;C:\WINDOWS\system32\WindowsPowerShell\v1.0\Modules
2026-02-26 19:23:33 INFO  g.q.niffler.service.PropertiesLogger - PUBLIC=C:\Users\Public
2026-02-26 19:23:33 INFO  g.q.niffler.service.PropertiesLogger - Path=C:\Program Files\Eclipse Adoptium\jdk-21.0.8.9-hotspot\bin;C:\Program Files\Common Files\Oracle\Java\javapath;C:\WINDOWS\system32;C:\WINDOWS;C:\WINDOWS\System32\Wbem;C:\WINDOWS\System32\WindowsPowerShell\v1.0\;C:\WINDOWS\System32\OpenSSH\;C:\Users\igafa\Gradle\bin;C:\Program Files\Git\cmd;C:\Program Files (x86)\dotnet\;C:\Program Files\Docker\Docker\resources\bin;%NVM_HOME%;%NVM_SYMLINK%;C:\Program Files\dotnet\;C:\Users\igafa\AppData\Local\Microsoft\WindowsApps;C:\Program Files\JetBrains\IntelliJ IDEA Community Edition 2024.1.4\bin;;C:\Program Files\OpenIDE\OpenIDE 2025.1.3\bin;;C:\Users\igafa\AppData\Local\nvm;C:\nvm4w\nodejs;C:\Users\igafa\AppData\Local\Programs\cursor\resources\app\bin
2026-02-26 19:23:33 INFO  g.q.niffler.service.PropertiesLogger - ProgramData=C:\ProgramData
2026-02-26 19:23:33 INFO  g.q.niffler.service.PropertiesLogger - ProgramFiles=C:\Program Files
2026-02-26 19:23:33 INFO  g.q.niffler.service.PropertiesLogger - ProgramFiles(x86)=C:\Program Files (x86)
2026-02-26 19:23:33 INFO  g.q.niffler.service.PropertiesLogger - ProgramW6432=C:\Program Files
2026-02-26 19:23:33 INFO  g.q.niffler.service.PropertiesLogger - SESSIONNAME=Console
2026-02-26 19:23:33 INFO  g.q.niffler.service.PropertiesLogger - SystemDrive=C:
2026-02-26 19:23:33 INFO  g.q.niffler.service.PropertiesLogger - SystemRoot=C:\WINDOWS
2026-02-26 19:23:33 INFO  g.q.niffler.service.PropertiesLogger - TEMP=C:\Users\igafa\AppData\Local\Temp
2026-02-26 19:23:33 INFO  g.q.niffler.service.PropertiesLogger - TMP=C:\Users\igafa\AppData\Local\Temp
2026-02-26 19:23:33 INFO  g.q.niffler.service.PropertiesLogger - USERDOMAIN=IGAFAROV
2026-02-26 19:23:33 INFO  g.q.niffler.service.PropertiesLogger - USERDOMAIN_ROAMINGPROFILE=IGAFAROV
2026-02-26 19:23:33 INFO  g.q.niffler.service.PropertiesLogger - USERNAME=igafa
2026-02-26 19:23:33 INFO  g.q.niffler.service.PropertiesLogger - USERPROFILE=C:\Users\igafa
2026-02-26 19:23:33 INFO  g.q.niffler.service.PropertiesLogger - windir=C:\WINDOWS
2026-02-26 19:23:33 INFO  g.q.niffler.service.PropertiesLogger - ******* Config resource 'class path resource [application.yaml]' via location 'optional:classpath:/' (document #1) *******
2026-02-26 19:23:33 INFO  g.q.niffler.service.PropertiesLogger - grpc.client.grpcCurrencyClient.address=static://localhost:8092
2026-02-26 19:23:33 INFO  g.q.niffler.service.PropertiesLogger - grpc.client.grpcCurrencyClient.negotiationType=PLAINTEXT
2026-02-26 19:23:33 INFO  g.q.niffler.service.PropertiesLogger - niffler-currency.base-uri=http://localhost:8091
2026-02-26 19:23:33 INFO  g.q.niffler.service.PropertiesLogger - niffler-front.base-uri=http://localhost:3000
2026-02-26 19:23:33 INFO  g.q.niffler.service.PropertiesLogger - niffler-gateway.base-uri=http://localhost:8090
2026-02-26 19:23:33 INFO  g.q.niffler.service.PropertiesLogger - niffler-spend.base-uri=http://localhost:8093
2026-02-26 19:23:33 INFO  g.q.niffler.service.PropertiesLogger - niffler-userdata.base-uri=http://localhost:8089
2026-02-26 19:23:33 INFO  g.q.niffler.service.PropertiesLogger - spring.autoconfigure.exclude[0]=org.springframework.cloud.vault.config.VaultAutoConfiguration
2026-02-26 19:23:33 INFO  g.q.niffler.service.PropertiesLogger - spring.autoconfigure.exclude[1]=org.springframework.cloud.vault.config.VaultObservationAutoConfiguration
2026-02-26 19:23:33 INFO  g.q.niffler.service.PropertiesLogger - spring.autoconfigure.exclude[2]=org.springframework.cloud.vault.config.VaultReactiveAutoConfiguration
2026-02-26 19:23:33 INFO  g.q.niffler.service.PropertiesLogger - spring.config.activate.on-profile=local
2026-02-26 19:23:33 INFO  g.q.niffler.service.PropertiesLogger - spring.graphql.graphiql.enabled=true
2026-02-26 19:23:33 INFO  g.q.niffler.service.PropertiesLogger - spring.security.oauth2.resourceserver.jwt.issuer-uri=http://localhost:9000
2026-02-26 19:23:33 INFO  g.q.niffler.service.PropertiesLogger - ******* Config resource 'class path resource [application.yaml]' via location 'optional:classpath:/' (document #0) *******
2026-02-26 19:23:33 INFO  g.q.niffler.service.PropertiesLogger - logging.level.net.devh.boot.grpc=INFO
2026-02-26 19:23:33 INFO  g.q.niffler.service.PropertiesLogger - logging.level.org.springframework.boot.autoconfigure=INFO
2026-02-26 19:23:33 INFO  g.q.niffler.service.PropertiesLogger - logging.level.org.springframework.security=INFO
2026-02-26 19:23:33 INFO  g.q.niffler.service.PropertiesLogger - logging.level.org.springframework.security.oauth2=INFO
2026-02-26 19:23:33 INFO  g.q.niffler.service.PropertiesLogger - logging.level.org.springframework.web=INFO
2026-02-26 19:23:33 INFO  g.q.niffler.service.PropertiesLogger - logging.level.root=INFO
2026-02-26 19:23:33 INFO  g.q.niffler.service.PropertiesLogger - niffler-userdata.client=soap
2026-02-26 19:23:33 INFO  g.q.niffler.service.PropertiesLogger - server.port=8090
2026-02-26 19:23:33 INFO  g.q.niffler.service.PropertiesLogger - spring.application.name=niffler-gateway
2026-02-26 19:23:33 INFO  g.q.niffler.service.PropertiesLogger - spring.cloud.compatibility-verifier.enabled=false
2026-02-26 19:23:33 INFO  g.q.niffler.service.PropertiesLogger - ******* springCloudClientHostInfo *******
2026-02-26 19:23:33 INFO  g.q.niffler.service.PropertiesLogger - spring.cloud.client.hostname=igafarov.mshome.net
2026-02-26 19:23:33 INFO  g.q.niffler.service.PropertiesLogger - spring.cloud.client.ip-address=172.31.240.1
2026-02-26 19:23:33 INFO  g.q.niffler.service.PropertiesLogger - ******* applicationInfo *******
2026-02-26 19:23:33 INFO  g.q.niffler.service.PropertiesLogger - spring.application.pid=7660
2026-02-26 19:23:34 INFO  o.s.cloud.context.scope.GenericScope - BeanFactory id=c9e2e65e-2a7e-36b6-9e0a-b174417596c5
2026-02-26 19:23:35 INFO  o.s.b.w.e.tomcat.TomcatWebServer - Tomcat initialized with port 8090 (http)
2026-02-26 19:23:35 INFO  o.a.coyote.http11.Http11NioProtocol - Initializing ProtocolHandler ["http-nio-8090"]
2026-02-26 19:23:35 INFO  o.a.catalina.core.StandardService - Starting service [Tomcat]
2026-02-26 19:23:35 INFO  o.a.catalina.core.StandardEngine - Starting Servlet engine: [Apache Tomcat/10.1.44]
2026-02-26 19:23:35 INFO  o.a.c.c.C.[Tomcat].[localhost].[/] - Initializing Spring embedded WebApplicationContext
2026-02-26 19:23:35 INFO  o.s.b.w.s.c.ServletWebServerApplicationContext - Root WebApplicationContext: initialization completed in 2312 ms
2026-02-26 19:23:36 INFO  n.d.b.g.c.a.GrpcClientAutoConfiguration - Detected grpc-netty-shaded: Creating ShadedNettyChannelFactory + InProcessChannelFactory
2026-02-26 19:23:36 INFO  o.s.w.s.saaj.SaajSoapMessageFactory - Creating SAAJ 1.3 MessageFactory with SOAP 1.1 Protocol
2026-02-26 19:23:36 INFO  o.s.w.s.saaj.SaajSoapMessageFactory - Creating SAAJ 1.3 MessageFactory with SOAP 1.1 Protocol
2026-02-26 19:23:37 INFO  o.s.g.e.DefaultSchemaResourceGraphQlSourceBuilder - Loaded 1 resource(s) in the GraphQL schema.
2026-02-26 19:23:38 INFO  o.s.b.a.g.GraphQlAutoConfiguration - GraphQL schema inspection:
	Unmapped fields: {}
	Unmapped registrations: {}
	Unmapped arguments: {}
	Skipped types: []
2026-02-26 19:23:38 INFO  o.s.b.a.g.s.GraphQlWebMvcAutoConfiguration - GraphQL endpoint HTTP POST /graphql
2026-02-26 19:23:38 INFO  o.s.b.a.e.web.EndpointLinksResolver - Exposing 1 endpoint beneath base path '/actuator'
2026-02-26 19:23:38 INFO  o.s.w.s.a.s.AnnotationActionEndpointMapping - Supporting [WS-Addressing August 2004, WS-Addressing 1.0]
2026-02-26 19:23:38 INFO  o.a.coyote.http11.Http11NioProtocol - Starting ProtocolHandler ["http-nio-8090"]
2026-02-26 19:23:38 INFO  o.s.b.w.e.tomcat.TomcatWebServer - Tomcat started on port 8090 (http) with context path '/'
2026-02-26 19:23:38 INFO  g.q.n.NifflerGatewayApplication - Started NifflerGatewayApplication in 6.378 seconds (process running for 6.923)
2026-02-26 19:37:35 INFO  o.a.c.c.C.[Tomcat].[localhost].[/] - Initializing Spring DispatcherServlet 'dispatcherServlet'
2026-02-26 19:37:35 INFO  o.s.web.servlet.DispatcherServlet - Initializing Servlet 'dispatcherServlet'
2026-02-26 19:37:35 INFO  o.s.web.servlet.DispatcherServlet - Completed initialization in 1 ms
2026-02-26 19:37:39 WARN  o.s.d.w.c.SpringDataJacksonConfiguration$PageModule$WarningLoggingModifier - Serializing PageImpl instances as-is is not supported, meaning that there is no guarantee about the stability of the resulting JSON structure!
	For a stable JSON structure, please use Spring Data's PagedModel (globally via @EnableSpringDataWebSupport(pageSerializationMode = VIA_DTO))
	or Spring HATEOAS and Spring Data's PagedResourcesAssembler as documented in https://docs.spring.io/spring-data/commons/reference/repositories/core-extensions.html#core.web.pageables.

2026-02-26 23:20:00 INFO  o.s.b.w.e.tomcat.GracefulShutdown - Commencing graceful shutdown. Waiting for active requests to complete
2026-02-26 23:20:00 INFO  o.s.b.w.e.tomcat.GracefulShutdown - Graceful shutdown complete
